Using pre-set license
Built from '2020.2/staging' branch; Version is '2020.2.7f1 (c53830e277f1) revision 12924976'; Using compiler version '192528614'; Build Type 'Release'
OS: 'Windows 10 Home; OS build 19042.867; Version 2009; 64bit' Language: 'en' Physical Memory: 32640 MB
BatchMode: 1, IsHumanControllingUs: 0, StartBugReporterOnCrash: 0, Is64bit: 1, IsPro: 0

 COMMAND LINE ARGUMENTS:
C:\Program Files\Unity\Hub\Editor\2020.2.7f1\Editor\Unity.exe
-adb2
-batchMode
-noUpm
-name
AssetImportWorker0
-projectPath
C:/Users/Nephareus/Documents/BLOCKGAME/BLOCKGAME
-logFile
Logs/AssetImportWorker0.log
-srvPort
60555
Successfully changed project path to: C:/Users/Nephareus/Documents/BLOCKGAME/BLOCKGAME
C:/Users/Nephareus/Documents/BLOCKGAME/BLOCKGAME
Using Asset Import Pipeline V2.
Refreshing native plugins compatible for Editor in 84.06 ms, found 1 plugins.
Preloading 0 native plugins for Editor in 0.00 ms.
Initialize engine version: 2020.2.7f1 (c53830e277f1)
[Subsystems] Discovering subsystems at path C:/Program Files/Unity/Hub/Editor/2020.2.7f1/Editor/Data/Resources/UnitySubsystems
[Subsystems] Discovering subsystems at path C:/Users/Nephareus/Documents/BLOCKGAME/BLOCKGAME/Assets
GfxDevice: creating device client; threaded=0
Direct3D:
    Version:  Direct3D 11.0 [level 11.1]
    Renderer: Intel(R) HD Graphics 620 (ID=0x5916)
    Vendor:   
    VRAM:     16320 MB
    Driver:   27.20.100.9316
Initialize mono
Mono path[0] = 'C:/Program Files/Unity/Hub/Editor/2020.2.7f1/Editor/Data/Managed'
Mono path[1] = 'C:/Program Files/Unity/Hub/Editor/2020.2.7f1/Editor/Data/MonoBleedingEdge/lib/mono/unityjit'
Mono config path = 'C:/Program Files/Unity/Hub/Editor/2020.2.7f1/Editor/Data/MonoBleedingEdge/etc'
Using monoOptions --debugger-agent=transport=dt_socket,embedding=1,server=y,suspend=n,address=127.0.0.1:56844
Begin MonoManager ReloadAssembly
Registering precompiled unity dll's ...
Register platform support module: C:/Program Files/Unity/Hub/Editor/2020.2.7f1/Editor/Data/PlaybackEngines/WindowsStandaloneSupport/UnityEditor.WindowsStandalone.Extensions.dll
Registered in 0.002127 seconds.
Native extension for WindowsStandalone target not found
Refreshing native plugins compatible for Editor in 64.32 ms, found 1 plugins.
Preloading 0 native plugins for Editor in 0.00 ms.
Invoked RoslynAnalysisRunner static constructor.
RoslynAnalysisRunner will not be running.
RoslynAnalysisRunner has terminated.
Mono: successfully reloaded assembly
- Completed reload, in  2.564 seconds
Platform modules already initialized, skipping
Registering precompiled user dll's ...
Registered in 0.001794 seconds.
Begin MonoManager ReloadAssembly
Native extension for WindowsStandalone target not found
Refreshing native plugins compatible for Editor in 64.41 ms, found 1 plugins.
Preloading 0 native plugins for Editor in 0.00 ms.
Invoked RoslynAnalysisRunner static constructor.
RoslynAnalysisRunner will not be running.
RoslynAnalysisRunner has terminated.
Mono: successfully reloaded assembly
- Completed reload, in  1.341 seconds
Platform modules already initialized, skipping
========================================================================
Worker process is ready to serve import requests
Launched and connected shader compiler UnityShaderCompiler.exe after 0.05 seconds
Refreshing native plugins compatible for Editor in 0.45 ms, found 1 plugins.
Preloading 0 native plugins for Editor in 0.00 ms.
Unloading 2117 Unused Serialized files (Serialized files now loaded: 0)
System memory in use before: 95.7 MB.
System memory in use after: 95.8 MB.

Unloading 21 unused Assets to reduce memory usage. Loaded Objects now: 2566.
Total: 3.852100 ms (FindLiveObjects: 0.460600 ms CreateObjectMapping: 0.202900 ms MarkObjects: 3.068700 ms  DeleteObjects: 0.117600 ms)

========================================================================
Received Import Request.
  path: Assets/Scripts/DirDet.cs
  artifactKey: Guid(9b8607745ac47024aa1d6afbe9253085) Importer(815301076,1909f56bfc062723c751e8b465ee728b)
Start importing Assets/Scripts/DirDet.cs using Guid(9b8607745ac47024aa1d6afbe9253085) Importer(815301076,1909f56bfc062723c751e8b465ee728b)  -> (artifact id: '688d5d32e06a1d4210c5ed98265c3f49') in 0.059251 seconds
  Import took 0.065290 seconds .

========================================================================
Received Prepare
Registering precompiled user dll's ...
Registered in 0.001154 seconds.
Begin MonoManager ReloadAssembly
Native extension for WindowsStandalone target not found
Refreshing native plugins compatible for Editor in 0.44 ms, found 1 plugins.
Preloading 0 native plugins for Editor in 0.00 ms.
Invoked RoslynAnalysisRunner static constructor.
RoslynAnalysisRunner will not be running.
RoslynAnalysisRunner has terminated.
Mono: successfully reloaded assembly
- Completed reload, in  1.185 seconds
Platform modules already initialized, skipping
Refreshing native plugins compatible for Editor in 0.44 ms, found 1 plugins.
Preloading 0 native plugins for Editor in 0.00 ms.
Unloading 2107 Unused Serialized files (Serialized files now loaded: 0)
System memory in use before: 95.4 MB.
System memory in use after: 95.5 MB.

Unloading 9 unused Assets to reduce memory usage. Loaded Objects now: 2569.
Total: 2.647700 ms (FindLiveObjects: 0.179300 ms CreateObjectMapping: 0.088900 ms MarkObjects: 2.354100 ms  DeleteObjects: 0.023700 ms)

========================================================================
Received Import Request.
  Time since last request: 437.290953 seconds.
  path: Assets/Artwork/Sprites/Blocks/Lockable Block.controller
  artifactKey: Guid(c8bef360a57e5934697e8678cb0bf430) Importer(815301076,1909f56bfc062723c751e8b465ee728b)
Start importing Assets/Artwork/Sprites/Blocks/Lockable Block.controller using Guid(c8bef360a57e5934697e8678cb0bf430) Importer(815301076,1909f56bfc062723c751e8b465ee728b)  -> (artifact id: 'fcd98d2de43ad1d36d20bb720015d54b') in 0.033591 seconds
  Import took 0.037712 seconds .

========================================================================
Received Import Request.
  Time since last request: 120.013350 seconds.
  path: Assets/Artwork/Sprites/Blocks/BlockUnlocking.anim
  artifactKey: Guid(4736a091f8bc10d47a1136eafb3c263f) Importer(815301076,1909f56bfc062723c751e8b465ee728b)
Start importing Assets/Artwork/Sprites/Blocks/BlockUnlocking.anim using Guid(4736a091f8bc10d47a1136eafb3c263f) Importer(815301076,1909f56bfc062723c751e8b465ee728b)  -> (artifact id: 'bc2a84037f7e9cf6aad1932d841f9658') in 0.011551 seconds
  Import took 0.016192 seconds .

========================================================================
Received Import Request.
  Time since last request: 0.001676 seconds.
  path: Assets/Artwork/Sprites/Blocks/BlockUnlocking.anim
  artifactKey: Guid(4736a091f8bc10d47a1136eafb3c263f) Importer(815301076,1909f56bfc062723c751e8b465ee728b)
Start importing Assets/Artwork/Sprites/Blocks/BlockUnlocking.anim using Guid(4736a091f8bc10d47a1136eafb3c263f) Importer(815301076,1909f56bfc062723c751e8b465ee728b)  -> (artifact id: 'bc2a84037f7e9cf6aad1932d841f9658') in 0.004681 seconds
  Import took 0.012384 seconds .

========================================================================
Received Import Request.
  Time since last request: 2.631845 seconds.
  path: Assets/Artwork/Sprites/Blocks/BlockLocking.anim
  artifactKey: Guid(1b70240543dd0ac4aaa1fa540af02dc6) Importer(815301076,1909f56bfc062723c751e8b465ee728b)
Start importing Assets/Artwork/Sprites/Blocks/BlockLocking.anim using Guid(1b70240543dd0ac4aaa1fa540af02dc6) Importer(815301076,1909f56bfc062723c751e8b465ee728b)  -> (artifact id: '75acc6d8f55239a24e980a849fe95fec') in 0.011025 seconds
  Import took 0.018092 seconds .

========================================================================
Received Import Request.
  Time since last request: 0.005498 seconds.
  path: Assets/Artwork/Sprites/Blocks/BlockLocking.anim
  artifactKey: Guid(1b70240543dd0ac4aaa1fa540af02dc6) Importer(815301076,1909f56bfc062723c751e8b465ee728b)
Start importing Assets/Artwork/Sprites/Blocks/BlockLocking.anim using Guid(1b70240543dd0ac4aaa1fa540af02dc6) Importer(815301076,1909f56bfc062723c751e8b465ee728b)  -> (artifact id: '75acc6d8f55239a24e980a849fe95fec') in 0.006310 seconds
  Import took 0.013606 seconds .

========================================================================
Received Import Request.
  Time since last request: 26.217923 seconds.
  path: Assets/Artwork/Sprites/Blocks/PushBlock.controller
  artifactKey: Guid(b1975671dca45b04a86ccc16a1805d58) Importer(815301076,1909f56bfc062723c751e8b465ee728b)
Start importing Assets/Artwork/Sprites/Blocks/PushBlock.controller using Guid(b1975671dca45b04a86ccc16a1805d58) Importer(815301076,1909f56bfc062723c751e8b465ee728b)  -> (artifact id: 'dee79aacc00516ed75d92cd2e113472c') in 0.011874 seconds
  Import took 0.017230 seconds .

========================================================================
Received Import Request.
  Time since last request: 91.626375 seconds.
  path: Assets/Artwork/Sprites/Blocks/New Animator Controller.controller
  artifactKey: Guid(f58f8bf7a0202fa45bc813686c136f28) Importer(815301076,1909f56bfc062723c751e8b465ee728b)
Start importing Assets/Artwork/Sprites/Blocks/New Animator Controller.controller using Guid(f58f8bf7a0202fa45bc813686c136f28) Importer(815301076,1909f56bfc062723c751e8b465ee728b)  -> (artifact id: 'c28f6e79e8691bf313f15af123eefd5a') in 0.012932 seconds
  Import took 0.020391 seconds .

========================================================================
Received Import Request.
  Time since last request: 11.345487 seconds.
  path: Assets/Artwork/Sprites/Blocks/Rblock.controller
  artifactKey: Guid(f58f8bf7a0202fa45bc813686c136f28) Importer(815301076,1909f56bfc062723c751e8b465ee728b)
Start importing Assets/Artwork/Sprites/Blocks/Rblock.controller using Guid(f58f8bf7a0202fa45bc813686c136f28) Importer(815301076,1909f56bfc062723c751e8b465ee728b)  -> (artifact id: '7270fa9d1fc218748799f79e378b7c94') in 0.012067 seconds
  Import took 0.018128 seconds .

========================================================================
Received Import Request.
  Time since last request: 57.040314 seconds.
  path: Assets/Scripts/NewBehaviourScript.cs
  artifactKey: Guid(b223a96dc5fa3d34cbbab9ffeae35d75) Importer(815301076,1909f56bfc062723c751e8b465ee728b)
Start importing Assets/Scripts/NewBehaviourScript.cs using Guid(b223a96dc5fa3d34cbbab9ffeae35d75) Importer(815301076,1909f56bfc062723c751e8b465ee728b)  -> (artifact id: 'fc8ce974cfac95de7091a45056913f42') in 0.010308 seconds
  Import took 0.016532 seconds .

========================================================================
Received Prepare
Registering precompiled user dll's ...
Registered in 0.001152 seconds.
Begin MonoManager ReloadAssembly
Native extension for WindowsStandalone target not found
Refreshing native plugins compatible for Editor in 0.47 ms, found 1 plugins.
Preloading 0 native plugins for Editor in 0.00 ms.
Invoked RoslynAnalysisRunner static constructor.
RoslynAnalysisRunner will not be running.
RoslynAnalysisRunner has terminated.
Mono: successfully reloaded assembly
- Completed reload, in  1.161 seconds
Platform modules already initialized, skipping
Refreshing native plugins compatible for Editor in 0.45 ms, found 1 plugins.
Preloading 0 native plugins for Editor in 0.00 ms.
Unloading 2108 Unused Serialized files (Serialized files now loaded: 0)
System memory in use before: 95.5 MB.
System memory in use after: 95.6 MB.

Unloading 9 unused Assets to reduce memory usage. Loaded Objects now: 2573.
Total: 4.730700 ms (FindLiveObjects: 0.574000 ms CreateObjectMapping: 0.504700 ms MarkObjects: 3.612600 ms  DeleteObjects: 0.036200 ms)

========================================================================
Received Prepare
Registering precompiled user dll's ...
Registered in 0.001159 seconds.
Begin MonoManager ReloadAssembly
Native extension for WindowsStandalone target not found
Refreshing native plugins compatible for Editor in 0.45 ms, found 1 plugins.
Preloading 0 native plugins for Editor in 0.00 ms.
Invoked RoslynAnalysisRunner static constructor.
RoslynAnalysisRunner will not be running.
RoslynAnalysisRunner has terminated.
Mono: successfully reloaded assembly
- Completed reload, in  1.151 seconds
Platform modules already initialized, skipping
Refreshing native plugins compatible for Editor in 0.44 ms, found 1 plugins.
Preloading 0 native plugins for Editor in 0.00 ms.
Unloading 2107 Unused Serialized files (Serialized files now loaded: 0)
System memory in use before: 95.5 MB.
System memory in use after: 95.6 MB.

Unloading 9 unused Assets to reduce memory usage. Loaded Objects now: 2576.
Total: 2.508800 ms (FindLiveObjects: 0.232000 ms CreateObjectMapping: 0.134800 ms MarkObjects: 2.117200 ms  DeleteObjects: 0.023300 ms)

========================================================================
Received Import Request.
  Time since last request: 1634.150658 seconds.
  path: Assets/Scripts/DirDet.cs
  artifactKey: Guid(9b8607745ac47024aa1d6afbe9253085) Importer(815301076,1909f56bfc062723c751e8b465ee728b)
Start importing Assets/Scripts/DirDet.cs using Guid(9b8607745ac47024aa1d6afbe9253085) Importer(815301076,1909f56bfc062723c751e8b465ee728b)  -> (artifact id: '323120791608d3278eae2e0944ef3c10') in 0.008552 seconds
  Import took 0.014065 seconds .

========================================================================
Received Import Request.
  Time since last request: 0.025930 seconds.
  path: Assets/Scripts/DirDet.cs
  artifactKey: Guid(9b8607745ac47024aa1d6afbe9253085) Importer(815301076,1909f56bfc062723c751e8b465ee728b)
Start importing Assets/Scripts/DirDet.cs using Guid(9b8607745ac47024aa1d6afbe9253085) Importer(815301076,1909f56bfc062723c751e8b465ee728b)  -> (artifact id: '323120791608d3278eae2e0944ef3c10') in 0.010398 seconds
  Import took 0.015062 seconds .

========================================================================
Received Import Request.
  Time since last request: 22.865260 seconds.
  path: Assets/Scripts/DirDet.cs
  artifactKey: Guid(9b8607745ac47024aa1d6afbe9253085) Importer(815301076,1909f56bfc062723c751e8b465ee728b)
Start importing Assets/Scripts/DirDet.cs using Guid(9b8607745ac47024aa1d6afbe9253085) Importer(815301076,1909f56bfc062723c751e8b465ee728b)  -> (artifact id: 'f51587a037ff926ceb12ee2045b165c1') in 0.004733 seconds
  Import took 0.037363 seconds .

========================================================================
Received Prepare
Registering precompiled user dll's ...
Registered in 0.001146 seconds.
Begin MonoManager ReloadAssembly
Native extension for WindowsStandalone target not found
Refreshing native plugins compatible for Editor in 0.44 ms, found 1 plugins.
Preloading 0 native plugins for Editor in 0.00 ms.
Invoked RoslynAnalysisRunner static constructor.
RoslynAnalysisRunner will not be running.
RoslynAnalysisRunner has terminated.
Mono: successfully reloaded assembly
- Completed reload, in  1.482 seconds
Platform modules already initialized, skipping
Refreshing native plugins compatible for Editor in 0.44 ms, found 1 plugins.
Preloading 0 native plugins for Editor in 0.00 ms.
Unloading 2107 Unused Serialized files (Serialized files now loaded: 0)
System memory in use before: 95.5 MB.
System memory in use after: 95.6 MB.

Unloading 9 unused Assets to reduce memory usage. Loaded Objects now: 2579.
Total: 2.473900 ms (FindLiveObjects: 0.197600 ms CreateObjectMapping: 0.105400 ms MarkObjects: 2.145400 ms  DeleteObjects: 0.024200 ms)

========================================================================
Received Import Request.
  Time since last request: 395.035593 seconds.
  path: Assets/Scripts/DirDet.cs
  artifactKey: Guid(9b8607745ac47024aa1d6afbe9253085) Importer(815301076,1909f56bfc062723c751e8b465ee728b)
Start importing Assets/Scripts/DirDet.cs using Guid(9b8607745ac47024aa1d6afbe9253085) Importer(815301076,1909f56bfc062723c751e8b465ee728b)  -> (artifact id: 'f586acd6001abc732aaa18ce27ec1ce3') in 0.006868 seconds
  Import took 0.011045 seconds .

========================================================================
Received Prepare
Registering precompiled user dll's ...
Registered in 0.001459 seconds.
Begin MonoManager ReloadAssembly
Native extension for WindowsStandalone target not found
Refreshing native plugins compatible for Editor in 0.99 ms, found 1 plugins.
Preloading 0 native plugins for Editor in 0.00 ms.
Invoked RoslynAnalysisRunner static constructor.
RoslynAnalysisRunner will not be running.
RoslynAnalysisRunner has terminated.
Mono: successfully reloaded assembly
- Completed reload, in  1.634 seconds
Platform modules already initialized, skipping
Refreshing native plugins compatible for Editor in 0.70 ms, found 1 plugins.
Preloading 0 native plugins for Editor in 0.00 ms.
Unloading 2107 Unused Serialized files (Serialized files now loaded: 0)
System memory in use before: 95.5 MB.
System memory in use after: 95.7 MB.

Unloading 9 unused Assets to reduce memory usage. Loaded Objects now: 2582.
Total: 3.052300 ms (FindLiveObjects: 0.341800 ms CreateObjectMapping: 0.168400 ms MarkObjects: 2.462700 ms  DeleteObjects: 0.077700 ms)

========================================================================
Received Prepare
Registering precompiled user dll's ...
Registered in 0.001739 seconds.
Begin MonoManager ReloadAssembly
Native extension for WindowsStandalone target not found
Refreshing native plugins compatible for Editor in 0.46 ms, found 1 plugins.
Preloading 0 native plugins for Editor in 0.00 ms.
Invoked RoslynAnalysisRunner static constructor.
RoslynAnalysisRunner will not be running.
RoslynAnalysisRunner has terminated.
Mono: successfully reloaded assembly
- Completed reload, in  1.141 seconds
Platform modules already initialized, skipping
Refreshing native plugins compatible for Editor in 0.45 ms, found 1 plugins.
Preloading 0 native plugins for Editor in 0.00 ms.
Unloading 2107 Unused Serialized files (Serialized files now loaded: 0)
System memory in use before: 95.5 MB.
System memory in use after: 95.7 MB.

Unloading 9 unused Assets to reduce memory usage. Loaded Objects now: 2585.
Total: 2.482300 ms (FindLiveObjects: 0.184400 ms CreateObjectMapping: 0.085800 ms MarkObjects: 2.187700 ms  DeleteObjects: 0.022800 ms)

========================================================================
Received Prepare
Registering precompiled user dll's ...
Registered in 0.001450 seconds.
Begin MonoManager ReloadAssembly
Native extension for WindowsStandalone target not found
Refreshing native plugins compatible for Editor in 0.44 ms, found 1 plugins.
Preloading 0 native plugins for Editor in 0.00 ms.
Invoked RoslynAnalysisRunner static constructor.
RoslynAnalysisRunner will not be running.
RoslynAnalysisRunner has terminated.
Mono: successfully reloaded assembly
- Completed reload, in  1.104 seconds
Platform modules already initialized, skipping
Refreshing native plugins compatible for Editor in 0.44 ms, found 1 plugins.
Preloading 0 native plugins for Editor in 0.00 ms.
Unloading 2107 Unused Serialized files (Serialized files now loaded: 0)
System memory in use before: 95.6 MB.
System memory in use after: 95.7 MB.

Unloading 9 unused Assets to reduce memory usage. Loaded Objects now: 2588.
Total: 3.909500 ms (FindLiveObjects: 0.418900 ms CreateObjectMapping: 0.396100 ms MarkObjects: 3.061500 ms  DeleteObjects: 0.030100 ms)

========================================================================
Received Prepare
Registering precompiled user dll's ...
Registered in 0.001188 seconds.
Begin MonoManager ReloadAssembly
Native extension for WindowsStandalone target not found
Refreshing native plugins compatible for Editor in 0.45 ms, found 1 plugins.
Preloading 0 native plugins for Editor in 0.00 ms.
Invoked RoslynAnalysisRunner static constructor.
RoslynAnalysisRunner will not be running.
RoslynAnalysisRunner has terminated.
Mono: successfully reloaded assembly
- Completed reload, in  1.249 seconds
Platform modules already initialized, skipping
Refreshing native plugins compatible for Editor in 0.45 ms, found 1 plugins.
Preloading 0 native plugins for Editor in 0.00 ms.
Unloading 2107 Unused Serialized files (Serialized files now loaded: 0)
System memory in use before: 95.6 MB.
System memory in use after: 95.7 MB.

Unloading 9 unused Assets to reduce memory usage. Loaded Objects now: 2591.
Total: 2.770700 ms (FindLiveObjects: 0.402300 ms CreateObjectMapping: 0.178100 ms MarkObjects: 2.166100 ms  DeleteObjects: 0.022200 ms)

========================================================================
Received Prepare
Registering precompiled user dll's ...
Registered in 0.002348 seconds.
Begin MonoManager ReloadAssembly
Native extension for WindowsStandalone target not found
Refreshing native plugins compatible for Editor in 0.43 ms, found 1 plugins.
Preloading 0 native plugins for Editor in 0.00 ms.
Invoked RoslynAnalysisRunner static constructor.
RoslynAnalysisRunner will not be running.
RoslynAnalysisRunner has terminated.
Mono: successfully reloaded assembly
- Completed reload, in  1.078 seconds
Platform modules already initialized, skipping
Refreshing native plugins compatible for Editor in 0.46 ms, found 1 plugins.
Preloading 0 native plugins for Editor in 0.00 ms.
Unloading 2107 Unused Serialized files (Serialized files now loaded: 0)
System memory in use before: 95.6 MB.
System memory in use after: 95.7 MB.

Unloading 9 unused Assets to reduce memory usage. Loaded Objects now: 2594.
Total: 3.175300 ms (FindLiveObjects: 0.467400 ms CreateObjectMapping: 0.241300 ms MarkObjects: 2.443200 ms  DeleteObjects: 0.021600 ms)

AssetImportWorkerClient::OnTransportError - code=2 error=End of file
