Using pre-set license
Built from '2020.2/staging' branch; Version is '2020.2.3f1 (8ff31bc5bf5b) revision 9433883'; Using compiler version '192528614'; Build Type 'Release'
OS: 'Windows 10 Home; OS build 19042.804; Version 2009; 64bit' Language: 'en' Physical Memory: 32640 MB
BatchMode: 1, IsHumanControllingUs: 0, StartBugReporterOnCrash: 0, Is64bit: 1, IsPro: 0

 COMMAND LINE ARGUMENTS:
C:\Program Files\Unity\Hub\Editor\2020.2.3f1\Editor\Unity.exe
-adb2
-batchMode
-noUpm
-name
AssetImportWorker1
-projectPath
C:/Users/Nephareus/Documents/BLOCKGAME/BLOCKGAME
-logFile
Logs/AssetImportWorker1.log
-srvPort
62958
Successfully changed project path to: C:/Users/Nephareus/Documents/BLOCKGAME/BLOCKGAME
C:/Users/Nephareus/Documents/BLOCKGAME/BLOCKGAME
Using Asset Import Pipeline V2.
Refreshing native plugins compatible for Editor in 76.13 ms, found 1 plugins.
Preloading 0 native plugins for Editor in 0.00 ms.
Initialize engine version: 2020.2.3f1 (8ff31bc5bf5b)
[Subsystems] Discovering subsystems at path C:/Program Files/Unity/Hub/Editor/2020.2.3f1/Editor/Data/Resources/UnitySubsystems
[Subsystems] Discovering subsystems at path C:/Users/Nephareus/Documents/BLOCKGAME/BLOCKGAME/Assets
GfxDevice: creating device client; threaded=0
Direct3D:
    Version:  Direct3D 11.0 [level 11.1]
    Renderer: Intel(R) HD Graphics 620 (ID=0x5916)
    Vendor:   
    VRAM:     16320 MB
    Driver:   27.20.100.8681
Initialize mono
Mono path[0] = 'C:/Program Files/Unity/Hub/Editor/2020.2.3f1/Editor/Data/Managed'
Mono path[1] = 'C:/Program Files/Unity/Hub/Editor/2020.2.3f1/Editor/Data/MonoBleedingEdge/lib/mono/unityjit'
Mono config path = 'C:/Program Files/Unity/Hub/Editor/2020.2.3f1/Editor/Data/MonoBleedingEdge/etc'
Using monoOptions --debugger-agent=transport=dt_socket,embedding=1,server=y,suspend=n,address=127.0.0.1:56016
Begin MonoManager ReloadAssembly
Registering precompiled unity dll's ...
Register platform support module: C:/Program Files/Unity/Hub/Editor/2020.2.3f1/Editor/Data/PlaybackEngines/WindowsStandaloneSupport/UnityEditor.WindowsStandalone.Extensions.dll
Registered in 0.003011 seconds.
Native extension for WindowsStandalone target not found
Refreshing native plugins compatible for Editor in 71.72 ms, found 1 plugins.
Preloading 0 native plugins for Editor in 0.00 ms.
Invoked RoslynAnalysisRunner static constructor.
RoslynAnalysisRunner will not be running.
RoslynAnalysisRunner has terminated.
Mono: successfully reloaded assembly
- Completed reload, in  2.527 seconds
Platform modules already initialized, skipping
Registering precompiled user dll's ...
Registered in 0.001176 seconds.
Begin MonoManager ReloadAssembly
Script error: OnTriggerEnter2D
This message parameter has to be of type: Collider2D
The message will be ignored.

Script error: OnTriggerExit2D
This message parameter has to be of type: Collider2D
The message will be ignored.

Script error: OnTriggerStay2D
This message parameter has to be of type: Collider2D
The message will be ignored.

Native extension for WindowsStandalone target not found
Refreshing native plugins compatible for Editor in 64.61 ms, found 1 plugins.
Preloading 0 native plugins for Editor in 0.00 ms.
Invoked RoslynAnalysisRunner static constructor.
RoslynAnalysisRunner will not be running.
RoslynAnalysisRunner has terminated.
Mono: successfully reloaded assembly
- Completed reload, in  1.439 seconds
Platform modules already initialized, skipping
========================================================================
Worker process is ready to serve import requests
Launched and connected shader compiler UnityShaderCompiler.exe after 0.09 seconds
Refreshing native plugins compatible for Editor in 0.41 ms, found 1 plugins.
Preloading 0 native plugins for Editor in 0.00 ms.
Unloading 2074 Unused Serialized files (Serialized files now loaded: 0)
System memory in use before: 94.8 MB.
System memory in use after: 94.9 MB.

Unloading 21 unused Assets to reduce memory usage. Loaded Objects now: 2522.
Total: 4.426900 ms (FindLiveObjects: 0.492000 ms CreateObjectMapping: 0.238800 ms MarkObjects: 3.563700 ms  DeleteObjects: 0.129800 ms)

========================================================================
Received Import Request.
  path: Assets/Scripts/PushDir.cs
  artifactKey: Guid(0b1991cd369967f4ca5063e66af40009) Importer(815301076,1909f56bfc062723c751e8b465ee728b)
Start importing Assets/Scripts/PushDir.cs using Guid(0b1991cd369967f4ca5063e66af40009) Importer(815301076,1909f56bfc062723c751e8b465ee728b)  -> (artifact id: '04acbe4f7d619a7e40201fc4f732af7b') in 0.065202 seconds
  Import took 0.070535 seconds .

========================================================================
Received Prepare
Registering precompiled user dll's ...
Registered in 0.001064 seconds.
Script error: OnTriggerEnter2D
This message parameter has to be of type: Collider2D
The message will be ignored.

Script error: OnTriggerExit2D
This message parameter has to be of type: Collider2D
The message will be ignored.

Script error: OnTriggerStay2D
This message parameter has to be of type: Collider2D
The message will be ignored.

Begin MonoManager ReloadAssembly
Script error: OnTriggerEnter2D
This message parameter has to be of type: Collider2D
The message will be ignored.

Script error: OnTriggerExit2D
This message parameter has to be of type: Collider2D
The message will be ignored.

Script error: OnTriggerStay2D
This message parameter has to be of type: Collider2D
The message will be ignored.

Native extension for WindowsStandalone target not found
Refreshing native plugins compatible for Editor in 0.68 ms, found 1 plugins.
Preloading 0 native plugins for Editor in 0.00 ms.
Invoked RoslynAnalysisRunner static constructor.
RoslynAnalysisRunner will not be running.
RoslynAnalysisRunner has terminated.
Mono: successfully reloaded assembly
- Completed reload, in  1.261 seconds
Platform modules already initialized, skipping
Refreshing native plugins compatible for Editor in 0.54 ms, found 1 plugins.
Preloading 0 native plugins for Editor in 0.00 ms.
Unloading 2064 Unused Serialized files (Serialized files now loaded: 0)
System memory in use before: 94.5 MB.
System memory in use after: 94.6 MB.

Unloading 9 unused Assets to reduce memory usage. Loaded Objects now: 2524.
Total: 2.793200 ms (FindLiveObjects: 0.348400 ms CreateObjectMapping: 0.230900 ms MarkObjects: 2.187600 ms  DeleteObjects: 0.024500 ms)

========================================================================
Received Prepare
Registering precompiled user dll's ...
Registered in 0.001108 seconds.
Script error: OnTriggerEnter2D
This message parameter has to be of type: Collider2D
The message will be ignored.

Script error: OnTriggerExit2D
This message parameter has to be of type: Collider2D
The message will be ignored.

Script error: OnTriggerStay2D
This message parameter has to be of type: Collider2D
The message will be ignored.

Begin MonoManager ReloadAssembly
Native extension for WindowsStandalone target not found
Refreshing native plugins compatible for Editor in 0.42 ms, found 1 plugins.
Preloading 0 native plugins for Editor in 0.00 ms.
Invoked RoslynAnalysisRunner static constructor.
RoslynAnalysisRunner will not be running.
RoslynAnalysisRunner has terminated.
Mono: successfully reloaded assembly
- Completed reload, in  1.185 seconds
Platform modules already initialized, skipping
Refreshing native plugins compatible for Editor in 0.48 ms, found 1 plugins.
Preloading 0 native plugins for Editor in 0.00 ms.
Unloading 2064 Unused Serialized files (Serialized files now loaded: 0)
System memory in use before: 94.6 MB.
System memory in use after: 94.7 MB.

Unloading 9 unused Assets to reduce memory usage. Loaded Objects now: 2526.
Total: 2.740500 ms (FindLiveObjects: 0.181100 ms CreateObjectMapping: 0.081100 ms MarkObjects: 2.454800 ms  DeleteObjects: 0.021700 ms)

========================================================================
Received Import Request.
  Time since last request: 66.318450 seconds.
  path: Assets/Scripts/PushDir.cs
  artifactKey: Guid(0b1991cd369967f4ca5063e66af40009) Importer(815301076,1909f56bfc062723c751e8b465ee728b)
Start importing Assets/Scripts/PushDir.cs using Guid(0b1991cd369967f4ca5063e66af40009) Importer(815301076,1909f56bfc062723c751e8b465ee728b)  -> (artifact id: '22c92bfeb05030a8f30fb0a5b39a8aac') in 0.005188 seconds
  Import took 0.009696 seconds .

========================================================================
Received Prepare
Registering precompiled user dll's ...
Registered in 0.001485 seconds.
Begin MonoManager ReloadAssembly
Native extension for WindowsStandalone target not found
Refreshing native plugins compatible for Editor in 0.43 ms, found 1 plugins.
Preloading 0 native plugins for Editor in 0.00 ms.
Invoked RoslynAnalysisRunner static constructor.
RoslynAnalysisRunner will not be running.
RoslynAnalysisRunner has terminated.
Mono: successfully reloaded assembly
- Completed reload, in  1.358 seconds
Platform modules already initialized, skipping
Refreshing native plugins compatible for Editor in 0.70 ms, found 1 plugins.
Preloading 0 native plugins for Editor in 0.00 ms.
Unloading 2064 Unused Serialized files (Serialized files now loaded: 0)
System memory in use before: 94.6 MB.
System memory in use after: 94.7 MB.

Unloading 9 unused Assets to reduce memory usage. Loaded Objects now: 2528.
Total: 3.716900 ms (FindLiveObjects: 0.226000 ms CreateObjectMapping: 0.206800 ms MarkObjects: 3.252800 ms  DeleteObjects: 0.029500 ms)

========================================================================
Received Prepare
Registering precompiled user dll's ...
Registered in 0.001111 seconds.
Begin MonoManager ReloadAssembly
Native extension for WindowsStandalone target not found
Refreshing native plugins compatible for Editor in 0.44 ms, found 1 plugins.
Preloading 0 native plugins for Editor in 0.00 ms.
Invoked RoslynAnalysisRunner static constructor.
RoslynAnalysisRunner will not be running.
RoslynAnalysisRunner has terminated.
Mono: successfully reloaded assembly
- Completed reload, in  1.070 seconds
Platform modules already initialized, skipping
Refreshing native plugins compatible for Editor in 0.43 ms, found 1 plugins.
Preloading 0 native plugins for Editor in 0.00 ms.
Unloading 2064 Unused Serialized files (Serialized files now loaded: 0)
System memory in use before: 94.6 MB.
System memory in use after: 94.7 MB.

Unloading 9 unused Assets to reduce memory usage. Loaded Objects now: 2530.
Total: 2.703800 ms (FindLiveObjects: 0.179700 ms CreateObjectMapping: 0.154000 ms MarkObjects: 2.347900 ms  DeleteObjects: 0.020600 ms)

========================================================================
Received Import Request.
  Time since last request: 246.454751 seconds.
  path: Assets/Scripts/PushDir.cs
  artifactKey: Guid(0b1991cd369967f4ca5063e66af40009) Importer(815301076,1909f56bfc062723c751e8b465ee728b)
Start importing Assets/Scripts/PushDir.cs using Guid(0b1991cd369967f4ca5063e66af40009) Importer(815301076,1909f56bfc062723c751e8b465ee728b)  -> (artifact id: '8f397dfd985c736a074aa2b5ea76901a') in 0.016361 seconds
  Import took 0.021525 seconds .

========================================================================
Received Import Request.
  Time since last request: 82.596033 seconds.
  path: Assets/Scripts/PushDir.cs
  artifactKey: Guid(0b1991cd369967f4ca5063e66af40009) Importer(815301076,1909f56bfc062723c751e8b465ee728b)
Start importing Assets/Scripts/PushDir.cs using Guid(0b1991cd369967f4ca5063e66af40009) Importer(815301076,1909f56bfc062723c751e8b465ee728b)  -> (artifact id: '9fe67395ad74bba4329b092bf2b1ecb6') in 0.004496 seconds
  Import took 0.009947 seconds .

========================================================================
Received Prepare
Registering precompiled user dll's ...
Registered in 0.001623 seconds.
Begin MonoManager ReloadAssembly
Native extension for WindowsStandalone target not found
Refreshing native plugins compatible for Editor in 0.55 ms, found 1 plugins.
Preloading 0 native plugins for Editor in 0.00 ms.
Invoked RoslynAnalysisRunner static constructor.
RoslynAnalysisRunner will not be running.
RoslynAnalysisRunner has terminated.
Mono: successfully reloaded assembly
- Completed reload, in  1.097 seconds
Platform modules already initialized, skipping
Refreshing native plugins compatible for Editor in 0.43 ms, found 1 plugins.
Preloading 0 native plugins for Editor in 0.00 ms.
Unloading 2064 Unused Serialized files (Serialized files now loaded: 0)
System memory in use before: 94.6 MB.
System memory in use after: 94.7 MB.

Unloading 9 unused Assets to reduce memory usage. Loaded Objects now: 2532.
Total: 2.634200 ms (FindLiveObjects: 0.181100 ms CreateObjectMapping: 0.075800 ms MarkObjects: 2.348400 ms  DeleteObjects: 0.027100 ms)

========================================================================
Received Import Request.
  Time since last request: 124.024777 seconds.
  path: Assets/Scripts/PushDir.cs
  artifactKey: Guid(0b1991cd369967f4ca5063e66af40009) Importer(815301076,1909f56bfc062723c751e8b465ee728b)
Start importing Assets/Scripts/PushDir.cs using Guid(0b1991cd369967f4ca5063e66af40009) Importer(815301076,1909f56bfc062723c751e8b465ee728b)  -> (artifact id: 'fd6cf0ee18faa7de4fe08a80bc89268c') in 0.005878 seconds
  Import took 0.009998 seconds .

========================================================================
Received Prepare
Registering precompiled user dll's ...
Registered in 0.001035 seconds.
Begin MonoManager ReloadAssembly
Native extension for WindowsStandalone target not found
Refreshing native plugins compatible for Editor in 0.44 ms, found 1 plugins.
Preloading 0 native plugins for Editor in 0.00 ms.
Invoked RoslynAnalysisRunner static constructor.
RoslynAnalysisRunner will not be running.
RoslynAnalysisRunner has terminated.
Mono: successfully reloaded assembly
- Completed reload, in  1.090 seconds
Platform modules already initialized, skipping
Refreshing native plugins compatible for Editor in 0.41 ms, found 1 plugins.
Preloading 0 native plugins for Editor in 0.00 ms.
Unloading 2064 Unused Serialized files (Serialized files now loaded: 0)
System memory in use before: 94.6 MB.
System memory in use after: 94.7 MB.

Unloading 9 unused Assets to reduce memory usage. Loaded Objects now: 2534.
Total: 2.318800 ms (FindLiveObjects: 0.190300 ms CreateObjectMapping: 0.079700 ms MarkObjects: 2.025800 ms  DeleteObjects: 0.021200 ms)

========================================================================
Received Import Request.
  Time since last request: 256.513270 seconds.
  path: Assets/Scripts/PushDir.cs
  artifactKey: Guid(0b1991cd369967f4ca5063e66af40009) Importer(815301076,1909f56bfc062723c751e8b465ee728b)
Start importing Assets/Scripts/PushDir.cs using Guid(0b1991cd369967f4ca5063e66af40009) Importer(815301076,1909f56bfc062723c751e8b465ee728b)  -> (artifact id: '1a5b135ed3e3778ac78239784b0b68dd') in 0.006097 seconds
  Import took 0.010230 seconds .

========================================================================
Received Prepare
Registering precompiled user dll's ...
Registered in 0.099365 seconds.
Begin MonoManager ReloadAssembly
Native extension for WindowsStandalone target not found
Refreshing native plugins compatible for Editor in 0.42 ms, found 1 plugins.
Preloading 0 native plugins for Editor in 0.00 ms.
Invoked RoslynAnalysisRunner static constructor.
RoslynAnalysisRunner will not be running.
RoslynAnalysisRunner has terminated.
Mono: successfully reloaded assembly
- Completed reload, in  1.138 seconds
Platform modules already initialized, skipping
Refreshing native plugins compatible for Editor in 0.43 ms, found 1 plugins.
Preloading 0 native plugins for Editor in 0.00 ms.
Unloading 2064 Unused Serialized files (Serialized files now loaded: 0)
System memory in use before: 94.6 MB.
System memory in use after: 94.8 MB.

Unloading 9 unused Assets to reduce memory usage. Loaded Objects now: 2536.
Total: 3.116700 ms (FindLiveObjects: 0.267000 ms CreateObjectMapping: 0.119100 ms MarkObjects: 2.702100 ms  DeleteObjects: 0.026300 ms)

========================================================================
Received Prepare
Registering precompiled user dll's ...
Registered in 0.001090 seconds.
Begin MonoManager ReloadAssembly
Native extension for WindowsStandalone target not found
Refreshing native plugins compatible for Editor in 0.43 ms, found 1 plugins.
Preloading 0 native plugins for Editor in 0.00 ms.
Invoked RoslynAnalysisRunner static constructor.
RoslynAnalysisRunner will not be running.
RoslynAnalysisRunner has terminated.
Mono: successfully reloaded assembly
- Completed reload, in  1.295 seconds
Platform modules already initialized, skipping
Refreshing native plugins compatible for Editor in 0.68 ms, found 1 plugins.
Preloading 0 native plugins for Editor in 0.00 ms.
Unloading 2064 Unused Serialized files (Serialized files now loaded: 0)
System memory in use before: 94.6 MB.
System memory in use after: 94.8 MB.

Unloading 9 unused Assets to reduce memory usage. Loaded Objects now: 2538.
Total: 3.301600 ms (FindLiveObjects: 0.290600 ms CreateObjectMapping: 0.120500 ms MarkObjects: 2.858600 ms  DeleteObjects: 0.030100 ms)

========================================================================
Received Prepare
Registering precompiled user dll's ...
Registered in 0.002165 seconds.
Begin MonoManager ReloadAssembly
Native extension for WindowsStandalone target not found
Refreshing native plugins compatible for Editor in 0.46 ms, found 1 plugins.
Preloading 0 native plugins for Editor in 0.00 ms.
Invoked RoslynAnalysisRunner static constructor.
RoslynAnalysisRunner will not be running.
RoslynAnalysisRunner has terminated.
Mono: successfully reloaded assembly
- Completed reload, in  1.147 seconds
Platform modules already initialized, skipping
Refreshing native plugins compatible for Editor in 0.43 ms, found 1 plugins.
Preloading 0 native plugins for Editor in 0.00 ms.
Unloading 2064 Unused Serialized files (Serialized files now loaded: 0)
System memory in use before: 94.7 MB.
System memory in use after: 94.8 MB.

Unloading 9 unused Assets to reduce memory usage. Loaded Objects now: 2540.
Total: 2.511200 ms (FindLiveObjects: 0.194200 ms CreateObjectMapping: 0.099700 ms MarkObjects: 2.190900 ms  DeleteObjects: 0.025100 ms)

========================================================================
Received Prepare
Registering precompiled user dll's ...
Registered in 0.001418 seconds.
Begin MonoManager ReloadAssembly
Native extension for WindowsStandalone target not found
Refreshing native plugins compatible for Editor in 0.42 ms, found 1 plugins.
Preloading 0 native plugins for Editor in 0.00 ms.
Invoked RoslynAnalysisRunner static constructor.
RoslynAnalysisRunner will not be running.
RoslynAnalysisRunner has terminated.
Mono: successfully reloaded assembly
- Completed reload, in  1.068 seconds
Platform modules already initialized, skipping
Refreshing native plugins compatible for Editor in 0.42 ms, found 1 plugins.
Preloading 0 native plugins for Editor in 0.00 ms.
Unloading 2064 Unused Serialized files (Serialized files now loaded: 0)
System memory in use before: 94.7 MB.
System memory in use after: 94.8 MB.

Unloading 9 unused Assets to reduce memory usage. Loaded Objects now: 2542.
Total: 3.786500 ms (FindLiveObjects: 0.883800 ms CreateObjectMapping: 0.370700 ms MarkObjects: 2.506300 ms  DeleteObjects: 0.023800 ms)

========================================================================
Received Import Request.
  Time since last request: 1863.546537 seconds.
  path: Assets/Scripts/PlayerMovement.cs
  artifactKey: Guid(7ea2896bc4acdbd43b64f43e7840ab80) Importer(815301076,1909f56bfc062723c751e8b465ee728b)
Start importing Assets/Scripts/PlayerMovement.cs using Guid(7ea2896bc4acdbd43b64f43e7840ab80) Importer(815301076,1909f56bfc062723c751e8b465ee728b)  -> (artifact id: '9043a6cfd0e061ed9d84457b6bd74871') in 0.010286 seconds
  Import took 0.014238 seconds .

========================================================================
Received Import Request.
  Time since last request: 9.770494 seconds.
  path: Assets/Artwork/Sprites/Player/Player.controller
  artifactKey: Guid(b3ed5635f77ff0d47b3302d65dc18adb) Importer(815301076,1909f56bfc062723c751e8b465ee728b)
Start importing Assets/Artwork/Sprites/Player/Player.controller using Guid(b3ed5635f77ff0d47b3302d65dc18adb) Importer(815301076,1909f56bfc062723c751e8b465ee728b)  -> (artifact id: '14128a221352d3f370ac4083c1d94637') in 0.112231 seconds
  Import took 0.116681 seconds .

========================================================================
Received Import Request.
  Time since last request: 27.801986 seconds.
  path: Assets/Scripts/PushDir.cs
  artifactKey: Guid(0b1991cd369967f4ca5063e66af40009) Importer(815301076,1909f56bfc062723c751e8b465ee728b)
Start importing Assets/Scripts/PushDir.cs using Guid(0b1991cd369967f4ca5063e66af40009) Importer(815301076,1909f56bfc062723c751e8b465ee728b)  -> (artifact id: '2ee57520b721755227f0db4b31f67bac') in 0.009047 seconds
  Import took 0.015746 seconds .

========================================================================
Received Prepare
Registering precompiled user dll's ...
Registered in 0.001515 seconds.
Begin MonoManager ReloadAssembly
Native extension for WindowsStandalone target not found
Refreshing native plugins compatible for Editor in 0.50 ms, found 1 plugins.
Preloading 0 native plugins for Editor in 0.00 ms.
Invoked RoslynAnalysisRunner static constructor.
RoslynAnalysisRunner will not be running.
RoslynAnalysisRunner has terminated.
Mono: successfully reloaded assembly
- Completed reload, in  1.097 seconds
Platform modules already initialized, skipping
Refreshing native plugins compatible for Editor in 0.43 ms, found 1 plugins.
Preloading 0 native plugins for Editor in 0.00 ms.
Unloading 2064 Unused Serialized files (Serialized files now loaded: 0)
System memory in use before: 94.7 MB.
System memory in use after: 94.8 MB.

Unloading 9 unused Assets to reduce memory usage. Loaded Objects now: 2544.
Total: 2.662000 ms (FindLiveObjects: 0.189800 ms CreateObjectMapping: 0.081300 ms MarkObjects: 2.366500 ms  DeleteObjects: 0.023000 ms)

========================================================================
Received Import Request.
  Time since last request: 61.882478 seconds.
  path: Assets/Scripts/PushDir.cs
  artifactKey: Guid(0b1991cd369967f4ca5063e66af40009) Importer(815301076,1909f56bfc062723c751e8b465ee728b)
Start importing Assets/Scripts/PushDir.cs using Guid(0b1991cd369967f4ca5063e66af40009) Importer(815301076,1909f56bfc062723c751e8b465ee728b)  -> (artifact id: '8c9d47bb3c44ba5cbc14a7f82083b5df') in 0.005466 seconds
  Import took 0.009088 seconds .

========================================================================
Received Prepare
Registering precompiled user dll's ...
Registered in 0.001057 seconds.
Begin MonoManager ReloadAssembly
Native extension for WindowsStandalone target not found
Refreshing native plugins compatible for Editor in 0.67 ms, found 1 plugins.
Preloading 0 native plugins for Editor in 0.00 ms.
Invoked RoslynAnalysisRunner static constructor.
RoslynAnalysisRunner will not be running.
RoslynAnalysisRunner has terminated.
Mono: successfully reloaded assembly
- Completed reload, in  1.264 seconds
Platform modules already initialized, skipping
Refreshing native plugins compatible for Editor in 0.49 ms, found 1 plugins.
Preloading 0 native plugins for Editor in 0.00 ms.
Unloading 2064 Unused Serialized files (Serialized files now loaded: 0)
System memory in use before: 94.7 MB.
System memory in use after: 94.8 MB.

Unloading 9 unused Assets to reduce memory usage. Loaded Objects now: 2546.
Total: 3.092800 ms (FindLiveObjects: 0.211200 ms CreateObjectMapping: 0.094300 ms MarkObjects: 2.758500 ms  DeleteObjects: 0.027000 ms)

========================================================================
Received Prepare
Registering precompiled user dll's ...
Registered in 0.001569 seconds.
Begin MonoManager ReloadAssembly
Native extension for WindowsStandalone target not found
Refreshing native plugins compatible for Editor in 0.49 ms, found 1 plugins.
Preloading 0 native plugins for Editor in 0.00 ms.
Invoked RoslynAnalysisRunner static constructor.
RoslynAnalysisRunner will not be running.
RoslynAnalysisRunner has terminated.
Mono: successfully reloaded assembly
- Completed reload, in  1.078 seconds
Platform modules already initialized, skipping
Refreshing native plugins compatible for Editor in 0.46 ms, found 1 plugins.
Preloading 0 native plugins for Editor in 0.00 ms.
Unloading 2064 Unused Serialized files (Serialized files now loaded: 0)
System memory in use before: 94.7 MB.
System memory in use after: 94.8 MB.

Unloading 9 unused Assets to reduce memory usage. Loaded Objects now: 2548.
Total: 2.481700 ms (FindLiveObjects: 0.188700 ms CreateObjectMapping: 0.127500 ms MarkObjects: 2.142100 ms  DeleteObjects: 0.022100 ms)

========================================================================
Received Prepare
Registering precompiled user dll's ...
Registered in 0.001077 seconds.
Begin MonoManager ReloadAssembly
Native extension for WindowsStandalone target not found
Refreshing native plugins compatible for Editor in 0.48 ms, found 1 plugins.
Preloading 0 native plugins for Editor in 0.00 ms.
Invoked RoslynAnalysisRunner static constructor.
RoslynAnalysisRunner will not be running.
RoslynAnalysisRunner has terminated.
Mono: successfully reloaded assembly
- Completed reload, in  1.107 seconds
Platform modules already initialized, skipping
Refreshing native plugins compatible for Editor in 0.41 ms, found 1 plugins.
Preloading 0 native plugins for Editor in 0.00 ms.
Unloading 2064 Unused Serialized files (Serialized files now loaded: 0)
System memory in use before: 94.7 MB.
System memory in use after: 94.8 MB.

Unloading 9 unused Assets to reduce memory usage. Loaded Objects now: 2550.
Total: 2.586100 ms (FindLiveObjects: 0.182200 ms CreateObjectMapping: 0.084000 ms MarkObjects: 2.296500 ms  DeleteObjects: 0.021900 ms)

========================================================================
Received Prepare
Registering precompiled user dll's ...
Registered in 0.001291 seconds.
Begin MonoManager ReloadAssembly
Native extension for WindowsStandalone target not found
Refreshing native plugins compatible for Editor in 0.42 ms, found 1 plugins.
Preloading 0 native plugins for Editor in 0.00 ms.
Invoked RoslynAnalysisRunner static constructor.
RoslynAnalysisRunner will not be running.
RoslynAnalysisRunner has terminated.
Mono: successfully reloaded assembly
- Completed reload, in  1.535 seconds
Platform modules already initialized, skipping
Refreshing native plugins compatible for Editor in 0.43 ms, found 1 plugins.
Preloading 0 native plugins for Editor in 0.00 ms.
Unloading 2064 Unused Serialized files (Serialized files now loaded: 0)
System memory in use before: 94.7 MB.
System memory in use after: 94.8 MB.

Unloading 9 unused Assets to reduce memory usage. Loaded Objects now: 2552.
Total: 2.535700 ms (FindLiveObjects: 0.183900 ms CreateObjectMapping: 0.074400 ms MarkObjects: 2.253500 ms  DeleteObjects: 0.022500 ms)

========================================================================
Received Prepare
Registering precompiled user dll's ...
Registered in 0.001107 seconds.
Begin MonoManager ReloadAssembly
Native extension for WindowsStandalone target not found
Refreshing native plugins compatible for Editor in 0.43 ms, found 1 plugins.
Preloading 0 native plugins for Editor in 0.00 ms.
Invoked RoslynAnalysisRunner static constructor.
RoslynAnalysisRunner will not be running.
RoslynAnalysisRunner has terminated.
Mono: successfully reloaded assembly
- Completed reload, in  1.188 seconds
Platform modules already initialized, skipping
Refreshing native plugins compatible for Editor in 0.41 ms, found 1 plugins.
Preloading 0 native plugins for Editor in 0.00 ms.
Unloading 2064 Unused Serialized files (Serialized files now loaded: 0)
System memory in use before: 94.7 MB.
System memory in use after: 94.8 MB.

Unloading 9 unused Assets to reduce memory usage. Loaded Objects now: 2554.
Total: 2.639000 ms (FindLiveObjects: 0.296900 ms CreateObjectMapping: 0.123000 ms MarkObjects: 2.179400 ms  DeleteObjects: 0.037800 ms)

========================================================================
Received Prepare
Registering precompiled user dll's ...
Registered in 0.001561 seconds.
Begin MonoManager ReloadAssembly
Native extension for WindowsStandalone target not found
Refreshing native plugins compatible for Editor in 0.44 ms, found 1 plugins.
Preloading 0 native plugins for Editor in 0.00 ms.
Invoked RoslynAnalysisRunner static constructor.
RoslynAnalysisRunner will not be running.
RoslynAnalysisRunner has terminated.
Mono: successfully reloaded assembly
- Completed reload, in  1.174 seconds
Platform modules already initialized, skipping
Refreshing native plugins compatible for Editor in 0.43 ms, found 1 plugins.
Preloading 0 native plugins for Editor in 0.00 ms.
Unloading 2064 Unused Serialized files (Serialized files now loaded: 0)
System memory in use before: 94.7 MB.
System memory in use after: 94.8 MB.

Unloading 9 unused Assets to reduce memory usage. Loaded Objects now: 2556.
Total: 2.668400 ms (FindLiveObjects: 0.321200 ms CreateObjectMapping: 0.147300 ms MarkObjects: 2.167900 ms  DeleteObjects: 0.027700 ms)

========================================================================
Received Import Request.
  Time since last request: 521.606064 seconds.
  path: Assets/Scripts/PushDir.cs
  artifactKey: Guid(0b1991cd369967f4ca5063e66af40009) Importer(815301076,1909f56bfc062723c751e8b465ee728b)
Start importing Assets/Scripts/PushDir.cs using Guid(0b1991cd369967f4ca5063e66af40009) Importer(815301076,1909f56bfc062723c751e8b465ee728b)  -> (artifact id: '82efdbcaf2778c4e34265ae7cb16fdbe') in 0.014803 seconds
  Import took 0.021480 seconds .

========================================================================
Received Prepare
Registering precompiled user dll's ...
Registered in 0.001315 seconds.
Begin MonoManager ReloadAssembly
Native extension for WindowsStandalone target not found
Refreshing native plugins compatible for Editor in 0.75 ms, found 1 plugins.
Preloading 0 native plugins for Editor in 0.00 ms.
Invoked RoslynAnalysisRunner static constructor.
RoslynAnalysisRunner will not be running.
RoslynAnalysisRunner has terminated.
Mono: successfully reloaded assembly
- Completed reload, in  1.816 seconds
Platform modules already initialized, skipping
Refreshing native plugins compatible for Editor in 0.62 ms, found 1 plugins.
Preloading 0 native plugins for Editor in 0.00 ms.
Unloading 2064 Unused Serialized files (Serialized files now loaded: 0)
System memory in use before: 94.7 MB.
System memory in use after: 94.8 MB.

Unloading 9 unused Assets to reduce memory usage. Loaded Objects now: 2558.
Total: 5.173000 ms (FindLiveObjects: 0.557300 ms CreateObjectMapping: 0.262400 ms MarkObjects: 4.319900 ms  DeleteObjects: 0.031400 ms)

========================================================================
Received Import Request.
  Time since last request: 106.793914 seconds.
  path: Assets/Scripts/PushDir.cs
  artifactKey: Guid(0b1991cd369967f4ca5063e66af40009) Importer(815301076,1909f56bfc062723c751e8b465ee728b)
Start importing Assets/Scripts/PushDir.cs using Guid(0b1991cd369967f4ca5063e66af40009) Importer(815301076,1909f56bfc062723c751e8b465ee728b)  -> (artifact id: '5fc2d8be17ff0cf8fd62716fd5ebb9ff') in 0.010773 seconds
  Import took 0.018729 seconds .

========================================================================
Received Prepare
Registering precompiled user dll's ...
Registered in 0.001060 seconds.
Begin MonoManager ReloadAssembly
Native extension for WindowsStandalone target not found
Refreshing native plugins compatible for Editor in 0.72 ms, found 1 plugins.
Preloading 0 native plugins for Editor in 0.00 ms.
Invoked RoslynAnalysisRunner static constructor.
RoslynAnalysisRunner will not be running.
RoslynAnalysisRunner has terminated.
Mono: successfully reloaded assembly
- Completed reload, in  1.980 seconds
Platform modules already initialized, skipping
Refreshing native plugins compatible for Editor in 0.80 ms, found 1 plugins.
Preloading 0 native plugins for Editor in 0.00 ms.
Unloading 2064 Unused Serialized files (Serialized files now loaded: 0)
System memory in use before: 94.7 MB.
System memory in use after: 94.9 MB.

Unloading 9 unused Assets to reduce memory usage. Loaded Objects now: 2560.
Total: 4.333900 ms (FindLiveObjects: 0.333200 ms CreateObjectMapping: 0.153300 ms MarkObjects: 3.811100 ms  DeleteObjects: 0.033800 ms)

========================================================================
Received Prepare
Registering precompiled user dll's ...
Registered in 0.001560 seconds.
Begin MonoManager ReloadAssembly
Native extension for WindowsStandalone target not found
Refreshing native plugins compatible for Editor in 0.73 ms, found 1 plugins.
Preloading 0 native plugins for Editor in 0.00 ms.
Invoked RoslynAnalysisRunner static constructor.
RoslynAnalysisRunner will not be running.
RoslynAnalysisRunner has terminated.
Mono: successfully reloaded assembly
- Completed reload, in  2.037 seconds
Platform modules already initialized, skipping
Refreshing native plugins compatible for Editor in 0.55 ms, found 1 plugins.
Preloading 0 native plugins for Editor in 0.00 ms.
Unloading 2064 Unused Serialized files (Serialized files now loaded: 0)
System memory in use before: 94.7 MB.
System memory in use after: 94.9 MB.

Unloading 9 unused Assets to reduce memory usage. Loaded Objects now: 2562.
Total: 7.170500 ms (FindLiveObjects: 0.443400 ms CreateObjectMapping: 0.219700 ms MarkObjects: 6.432400 ms  DeleteObjects: 0.072100 ms)

========================================================================
Received Import Request.
  Time since last request: 354.969844 seconds.
  path: Assets/Scripts/PlayerMovement.cs
  artifactKey: Guid(7ea2896bc4acdbd43b64f43e7840ab80) Importer(815301076,1909f56bfc062723c751e8b465ee728b)
Start importing Assets/Scripts/PlayerMovement.cs using Guid(7ea2896bc4acdbd43b64f43e7840ab80) Importer(815301076,1909f56bfc062723c751e8b465ee728b)  -> (artifact id: '3abc8de33c86dd500be9851d5b32968e') in 0.011412 seconds
  Import took 0.017406 seconds .

========================================================================
Received Import Request.
  Time since last request: 0.044182 seconds.
  path: Assets/Scripts/PlayerMovement.cs
  artifactKey: Guid(7ea2896bc4acdbd43b64f43e7840ab80) Importer(815301076,1909f56bfc062723c751e8b465ee728b)
Start importing Assets/Scripts/PlayerMovement.cs using Guid(7ea2896bc4acdbd43b64f43e7840ab80) Importer(815301076,1909f56bfc062723c751e8b465ee728b)  -> (artifact id: '3abc8de33c86dd500be9851d5b32968e') in 0.003493 seconds
  Import took 0.009037 seconds .

========================================================================
Received Prepare
Registering precompiled user dll's ...
Registered in 0.001621 seconds.
Begin MonoManager ReloadAssembly
Native extension for WindowsStandalone target not found
Refreshing native plugins compatible for Editor in 0.72 ms, found 1 plugins.
Preloading 0 native plugins for Editor in 0.00 ms.
Invoked RoslynAnalysisRunner static constructor.
RoslynAnalysisRunner will not be running.
RoslynAnalysisRunner has terminated.
Mono: successfully reloaded assembly
- Completed reload, in  2.100 seconds
Platform modules already initialized, skipping
Refreshing native plugins compatible for Editor in 0.72 ms, found 1 plugins.
Preloading 0 native plugins for Editor in 0.00 ms.
Unloading 2064 Unused Serialized files (Serialized files now loaded: 0)
System memory in use before: 94.7 MB.
System memory in use after: 94.9 MB.

Unloading 9 unused Assets to reduce memory usage. Loaded Objects now: 2564.
Total: 2.918800 ms (FindLiveObjects: 0.209000 ms CreateObjectMapping: 0.109900 ms MarkObjects: 2.576200 ms  DeleteObjects: 0.022500 ms)

========================================================================
Received Import Request.
  Time since last request: 61.276542 seconds.
  path: Assets/Artwork/Sprites/Player/Idle/PlayerIdleD.anim
  artifactKey: Guid(81ab33eb4c221594a96ac80f91781925) Importer(815301076,1909f56bfc062723c751e8b465ee728b)
Start importing Assets/Artwork/Sprites/Player/Idle/PlayerIdleD.anim using Guid(81ab33eb4c221594a96ac80f91781925) Importer(815301076,1909f56bfc062723c751e8b465ee728b)  -> (artifact id: '51054557ebc75b4be5816e63567a2fac') in 0.032899 seconds
  Import took 0.039596 seconds .

========================================================================
Received Import Request.
  Time since last request: 0.000483 seconds.
  path: Assets/Artwork/Sprites/Player/Idle/IU1.png
  artifactKey: Guid(c12bcfb164896974caa52690896ce96a) Importer(815301076,1909f56bfc062723c751e8b465ee728b)
Start importing Assets/Artwork/Sprites/Player/Idle/IU1.png using Guid(c12bcfb164896974caa52690896ce96a) Importer(815301076,1909f56bfc062723c751e8b465ee728b)  -> (artifact id: 'd7f3bb5f7bf22cd0da5f1c7c02ece21e') in 0.192976 seconds
  Import took 0.199178 seconds .

========================================================================
Received Import Request.
  Time since last request: 0.000358 seconds.
  path: Assets/Artwork/Sprites/Player/Idle/IU3.png
  artifactKey: Guid(2159254771ac192408d2b4e36877b9d0) Importer(815301076,1909f56bfc062723c751e8b465ee728b)
Start importing Assets/Artwork/Sprites/Player/Idle/IU3.png using Guid(2159254771ac192408d2b4e36877b9d0) Importer(815301076,1909f56bfc062723c751e8b465ee728b)  -> (artifact id: 'bb3c3863061b254d0f3ad381c0ad8c59') in 0.046462 seconds
  Import took 0.054192 seconds .

========================================================================
Received Import Request.
  Time since last request: 0.000349 seconds.
  path: Assets/Artwork/Sprites/Player/Idle/IU2.png
  artifactKey: Guid(c2adf0f712c8c5647a1f378e962165c1) Importer(815301076,1909f56bfc062723c751e8b465ee728b)
Start importing Assets/Artwork/Sprites/Player/Idle/IU2.png using Guid(c2adf0f712c8c5647a1f378e962165c1) Importer(815301076,1909f56bfc062723c751e8b465ee728b)  -> (artifact id: 'f2ab5ccbab4a06f6c85192bf8d601ae5') in 0.038518 seconds
  Import took 0.045090 seconds .

========================================================================
Received Import Request.
  Time since last request: 0.000500 seconds.
  path: Assets/Artwork/Sprites/Player/Idle/IU0.png
  artifactKey: Guid(903153e0a74abd2498b2a3860669772c) Importer(815301076,1909f56bfc062723c751e8b465ee728b)
Start importing Assets/Artwork/Sprites/Player/Idle/IU0.png using Guid(903153e0a74abd2498b2a3860669772c) Importer(815301076,1909f56bfc062723c751e8b465ee728b)  -> (artifact id: '11d0206f5fe1be217951da8551460d46') in 0.034011 seconds
  Import took 0.038922 seconds .

========================================================================
Received Import Request.
  Time since last request: 200.519433 seconds.
  path: Assets/Artwork/Sprites/Player/Walk/PlayerWalkU.anim
  artifactKey: Guid(6f6d883cb2650f74a98dff48d4841f0a) Importer(815301076,1909f56bfc062723c751e8b465ee728b)
Start importing Assets/Artwork/Sprites/Player/Walk/PlayerWalkU.anim using Guid(6f6d883cb2650f74a98dff48d4841f0a) Importer(815301076,1909f56bfc062723c751e8b465ee728b)  -> (artifact id: 'ba0e4fdc2716b79072a7a72303740cdd') in 0.015318 seconds
  Import took 0.022954 seconds .

========================================================================
Received Import Request.
  Time since last request: 0.006005 seconds.
  path: Assets/Artwork/Sprites/Player/Walk/WD0.png
  artifactKey: Guid(2805dd031a73e51408633acec73b23a3) Importer(815301076,1909f56bfc062723c751e8b465ee728b)
Start importing Assets/Artwork/Sprites/Player/Walk/WD0.png using Guid(2805dd031a73e51408633acec73b23a3) Importer(815301076,1909f56bfc062723c751e8b465ee728b)  -> (artifact id: 'a6b5d3a2f07042391ef41fc33462fc97') in 0.034582 seconds
  Import took 0.041182 seconds .

========================================================================
Received Import Request.
  Time since last request: 0.000868 seconds.
  path: Assets/Artwork/Sprites/Player/Walk/WD1.png
  artifactKey: Guid(de8eca1832701334daa4a39af3ecf105) Importer(815301076,1909f56bfc062723c751e8b465ee728b)
Start importing Assets/Artwork/Sprites/Player/Walk/WD1.png using Guid(de8eca1832701334daa4a39af3ecf105) Importer(815301076,1909f56bfc062723c751e8b465ee728b)  -> (artifact id: '6aba7dd97d21d1af0e8087c1deee9722') in 0.033212 seconds
  Import took 0.039973 seconds .

========================================================================
Received Import Request.
  Time since last request: 0.000326 seconds.
  path: Assets/Artwork/Sprites/Player/Walk/WL0.png
  artifactKey: Guid(ad2da7d22b4a5914aa0588120badd297) Importer(815301076,1909f56bfc062723c751e8b465ee728b)
Start importing Assets/Artwork/Sprites/Player/Walk/WL0.png using Guid(ad2da7d22b4a5914aa0588120badd297) Importer(815301076,1909f56bfc062723c751e8b465ee728b)  -> (artifact id: '1c508d1fbaa86eca9fe885956eb0bf84') in 0.036376 seconds
  Import took 0.043412 seconds .

========================================================================
Received Import Request.
  Time since last request: 0.000360 seconds.
  path: Assets/Artwork/Sprites/Player/Walk/WL2.png
  artifactKey: Guid(7070be0d06700bf4e95098e23a1b6cc7) Importer(815301076,1909f56bfc062723c751e8b465ee728b)
Start importing Assets/Artwork/Sprites/Player/Walk/WL2.png using Guid(7070be0d06700bf4e95098e23a1b6cc7) Importer(815301076,1909f56bfc062723c751e8b465ee728b)  -> (artifact id: '466c69ab003a22cfc0086ba0812accb5') in 0.033800 seconds
  Import took 0.039971 seconds .

========================================================================
Received Import Request.
  Time since last request: 0.000263 seconds.
  path: Assets/Artwork/Sprites/Player/Walk/WD3.png
  artifactKey: Guid(0fb76d697c34d8c43ae491b6eaed9e61) Importer(815301076,1909f56bfc062723c751e8b465ee728b)
Start importing Assets/Artwork/Sprites/Player/Walk/WD3.png using Guid(0fb76d697c34d8c43ae491b6eaed9e61) Importer(815301076,1909f56bfc062723c751e8b465ee728b)  -> (artifact id: 'dd63b7eaf314499453ba0d52c2e3dc01') in 0.036019 seconds
  Import took 0.041643 seconds .

========================================================================
Received Import Request.
  Time since last request: 0.000289 seconds.
  path: Assets/Artwork/Sprites/Player/Walk/WD2.png
  artifactKey: Guid(a588649ecd71b37408b41973dfc2134d) Importer(815301076,1909f56bfc062723c751e8b465ee728b)
Start importing Assets/Artwork/Sprites/Player/Walk/WD2.png using Guid(a588649ecd71b37408b41973dfc2134d) Importer(815301076,1909f56bfc062723c751e8b465ee728b)  -> (artifact id: 'd5e3f152b4f2dda88fe38b92b4069a5d') in 0.033802 seconds
  Import took 0.040940 seconds .

========================================================================
Received Import Request.
  Time since last request: 0.000335 seconds.
  path: Assets/Artwork/Sprites/Player/Walk/WL1.png
  artifactKey: Guid(6d0a16a68c965f1499bc3fcb695f463a) Importer(815301076,1909f56bfc062723c751e8b465ee728b)
Start importing Assets/Artwork/Sprites/Player/Walk/WL1.png using Guid(6d0a16a68c965f1499bc3fcb695f463a) Importer(815301076,1909f56bfc062723c751e8b465ee728b)  -> (artifact id: '38bc2e45e6b34e7f911114cf9bb7c546') in 0.035217 seconds
  Import took 0.042607 seconds .

========================================================================
Received Import Request.
  Time since last request: 1.951154 seconds.
  path: Assets/Artwork/Sprites/Player/Walk/PlayerWalkD.anim
  artifactKey: Guid(96035ee39283f6e4eb2fe4fa5f12b69e) Importer(815301076,1909f56bfc062723c751e8b465ee728b)
Start importing Assets/Artwork/Sprites/Player/Walk/PlayerWalkD.anim using Guid(96035ee39283f6e4eb2fe4fa5f12b69e) Importer(815301076,1909f56bfc062723c751e8b465ee728b)  -> (artifact id: '61d53fce409c923cd223608c60bb155e') in 0.012161 seconds
  Import took 0.017976 seconds .

========================================================================
Received Import Request.
  Time since last request: 2.260955 seconds.
  path: Assets/Artwork/Sprites/Player/Walk/PlayerWalkL.anim
  artifactKey: Guid(a3fee8e531d26d74b9837d61139fdda1) Importer(815301076,1909f56bfc062723c751e8b465ee728b)
Start importing Assets/Artwork/Sprites/Player/Walk/PlayerWalkL.anim using Guid(a3fee8e531d26d74b9837d61139fdda1) Importer(815301076,1909f56bfc062723c751e8b465ee728b)  -> (artifact id: '2373c9f76a7658b6b7b89a887300a8c9') in 0.011073 seconds
  Import took 0.018124 seconds .

========================================================================
Received Import Request.
  Time since last request: 1.457331 seconds.
  path: Assets/Artwork/Sprites/Player/Walk/PlayerWalkR.anim
  artifactKey: Guid(b2f7f8cfc5d45d94bb94bf0fed2ca781) Importer(815301076,1909f56bfc062723c751e8b465ee728b)
Start importing Assets/Artwork/Sprites/Player/Walk/PlayerWalkR.anim using Guid(b2f7f8cfc5d45d94bb94bf0fed2ca781) Importer(815301076,1909f56bfc062723c751e8b465ee728b)  -> (artifact id: 'bdc9a9dfc395d4278c7cfcebbb608e95') in 0.010604 seconds
  Import took 0.016181 seconds .

========================================================================
Received Prepare
Registering precompiled user dll's ...
Registered in 0.001042 seconds.
Begin MonoManager ReloadAssembly
Native extension for WindowsStandalone target not found
Refreshing native plugins compatible for Editor in 0.68 ms, found 1 plugins.
Preloading 0 native plugins for Editor in 0.00 ms.
Invoked RoslynAnalysisRunner static constructor.
RoslynAnalysisRunner will not be running.
RoslynAnalysisRunner has terminated.
Mono: successfully reloaded assembly
- Completed reload, in  1.300 seconds
Platform modules already initialized, skipping
Refreshing native plugins compatible for Editor in 0.77 ms, found 1 plugins.
Preloading 0 native plugins for Editor in 0.00 ms.
Unloading 2064 Unused Serialized files (Serialized files now loaded: 0)
System memory in use before: 97.7 MB.
System memory in use after: 97.8 MB.

Unloading 9 unused Assets to reduce memory usage. Loaded Objects now: 2572.
Total: 3.025000 ms (FindLiveObjects: 0.234100 ms CreateObjectMapping: 0.152300 ms MarkObjects: 2.613200 ms  DeleteObjects: 0.023900 ms)

========================================================================
Received Prepare
Registering precompiled user dll's ...
Registered in 0.001119 seconds.
Begin MonoManager ReloadAssembly
Native extension for WindowsStandalone target not found
Refreshing native plugins compatible for Editor in 0.43 ms, found 1 plugins.
Preloading 0 native plugins for Editor in 0.00 ms.
Invoked RoslynAnalysisRunner static constructor.
RoslynAnalysisRunner will not be running.
RoslynAnalysisRunner has terminated.
Mono: successfully reloaded assembly
- Completed reload, in  1.067 seconds
Platform modules already initialized, skipping
Refreshing native plugins compatible for Editor in 0.42 ms, found 1 plugins.
Preloading 0 native plugins for Editor in 0.00 ms.
Unloading 2064 Unused Serialized files (Serialized files now loaded: 0)
System memory in use before: 97.7 MB.
System memory in use after: 97.9 MB.

Unloading 9 unused Assets to reduce memory usage. Loaded Objects now: 2574.
Total: 3.006200 ms (FindLiveObjects: 0.437000 ms CreateObjectMapping: 0.159900 ms MarkObjects: 2.385500 ms  DeleteObjects: 0.021800 ms)

AssetImportWorkerClient::OnTransportError - code=2 error=End of file
